<?xml version="1.0" encoding="UTF-8"?>
<testsuites name="Mocha Tests" time="24.230" tests="7" failures="2">
  <testsuite name="Root Suite" timestamp="2025-09-06T20:18:35" tests="0" file="cypress\e2e\HRM_TC_AdminDasgboard.cy.js" time="0.000" failures="0">
  </testsuite>
  <testsuite name="Admin Dashboard" timestamp="2025-09-06T20:18:35" tests="7" time="24.224" failures="2">
    <testcase name="Admin Dashboard Navigate to Admin Dashboard" time="15.200" classname="Navigate to Admin Dashboard">
    </testcase>
    <testcase name="Admin Dashboard &quot;before each&quot; hook for &quot;Verify Admin/UserManagement breadcum path&quot;" time="0.000" classname="&quot;before each&quot; hook for &quot;Verify Admin/UserManagement breadcum path&quot;">
      <failure message="Timed out retrying after 1000ms: Expected to find element: `//input[@name=&apos;username&apos;]`, but never found it.

Because this error occurred during a `before each` hook we are skipping the remaining tests in the current suite: `Admin Dashboard`" type="AssertionError"><![CDATA[AssertionError: Timed out retrying after 1000ms: Expected to find element: `//input[@name='username']`, but never found it.

Because this error occurred during a `before each` hook we are skipping the remaining tests in the current suite: `Admin Dashboard`
    at HRM_loginPageElements.eval [as userName] (webpack://my-cypress-project/./cypress/PageObjects/HRM_loginPageElements.cy.js:5:75)
    at HRM_loginPageActions.enterUserName (webpack://my-cypress-project/./cypress/PageActions/HRM_loginPageActions.cy.js:7:7)
    at Context.eval (webpack://my-cypress-project/./cypress/support/commands.js:4:19)
    at wrapped (https://opensource-demo.orangehrmlive.com/__cypress/runner/cypress_runner.js:141509:43)]]></failure>
    </testcase>
    <testcase name="Admin Dashboard &quot;after each&quot; hook for &quot;Verify Admin/UserManagement breadcum path&quot;" time="0.000" classname="&quot;after each&quot; hook for &quot;Verify Admin/UserManagement breadcum path&quot;">
      <failure message="Timed out retrying after 2000ms: Expected to find element: `//li/span/i[contains(@class,&apos;userdropdown&apos;)]`, but never found it.

Because this error occurred during a `after each` hook we are skipping the remaining tests in the current suite: `Admin Dashboard`" type="AssertionError"><![CDATA[AssertionError: Timed out retrying after 2000ms: Expected to find element: `//li/span/i[contains(@class,'userdropdown')]`, but never found it.

Because this error occurred during a `after each` hook we are skipping the remaining tests in the current suite: `Admin Dashboard`
    at HRM_loginPageElements.eval [as userProfileDropdown] (webpack://my-cypress-project/./cypress/PageObjects/HRM_loginPageElements.cy.js:8:98)
    at HRM_loginPageActions.verifyUserProfile (webpack://my-cypress-project/./cypress/PageActions/HRM_loginPageActions.cy.js:26:22)
    at Context.eval (webpack://my-cypress-project/./cypress/e2e/HRM_TC_AdminDasgboard.cy.js:10:21)]]></failure>
    </testcase>
  </testsuite>
</testsuites>