<?xml version="1.0" encoding="UTF-8"?>
<testsuites name="Mocha Tests" time="99.487" tests="7" failures="1" skipped="1">
  <testsuite name="Root Suite" timestamp="2025-09-06T20:12:39" tests="0" file="cypress\e2e\HRM_TC_AdminDasgboard.cy.js" time="0.000" failures="0">
  </testsuite>
  <testsuite name="Admin Dashboard" timestamp="2025-09-06T20:12:39" tests="7" time="99.476" failures="1">
    <testcase name="Admin Dashboard Navigate to Admin Dashboard" time="14.221" classname="Navigate to Admin Dashboard">
    </testcase>
    <testcase name="Admin Dashboard Verify Admin/UserManagement breadcum path" time="10.491" classname="Verify Admin/UserManagement breadcum path">
    </testcase>
    <testcase name="Admin Dashboard Verify job Dropdown item list" time="13.099" classname="Verify job Dropdown item list">
    </testcase>
    <testcase name="Admin Dashboard Verify Admin Organisaton Dropdown item list" time="13.212" classname="Verify Admin Organisaton Dropdown item list">
    </testcase>
    <testcase name="Admin Dashboard Verify Admin Qualifications Dropdown item list" time="13.835" classname="Verify Admin Qualifications Dropdown item list">
    </testcase>
    <testcase name="Admin Dashboard Verify Add Skills" time="0.000" classname="Verify Add Skills">
      <failure message="Timed out retrying after 5000ms: Expected to find element: `.oxd-toast`, but never found it." type="AssertionError"><![CDATA[AssertionError: Timed out retrying after 5000ms: Expected to find element: `.oxd-toast`, but never found it.
    at HRM_AdminPageActions.verifyToastORSuccessfullAlert (webpack://my-cypress-project/./cypress/PageActions/HRM_AdminPageActions.cy.js:131:7)
    at Context.eval (webpack://my-cypress-project/./cypress/e2e/HRM_TC_AdminDasgboard.cy.js:45:25)]]></failure>
    </testcase>
  </testsuite>
</testsuites>